
./hello:     file format elf64-littleriscv


Disassembly of section .interp:

0000000000000238 <.interp>:
 238:	62696c2f          	0x62696c2f
 23c:	2d646c2f          	0x2d646c2f
 240:	696c                	ld	a1,208(a0)
 242:	756e                	ld	a0,248(sp)
 244:	2d78                	fld	fa4,216(a0)
 246:	6972                	ld	s2,280(sp)
 248:	36766373          	csrrsi	t1,0x367,12
 24c:	2d34                	fld	fa3,88(a0)
 24e:	706c                	ld	a1,224(s0)
 250:	3436                	fld	fs0,360(sp)
 252:	2e64                	fld	fs1,216(a2)
 254:	312e6f73          	csrrsi	t5,0x312,28
	...

Disassembly of section .note.gnu.build-id:

000000000000025c <.note.gnu.build-id>:
 25c:	0004                	0x4
 25e:	0000                	unimp
 260:	0014                	0x14
 262:	0000                	unimp
 264:	00000003          	lb	zero,0(zero) # 0 <_PROCEDURE_LINKAGE_TABLE_-0x760>
 268:	00554e47          	fmsub.s	ft8,fa0,ft5,ft0,rmm
 26c:	e00d                	bnez	s0,28e <_PROCEDURE_LINKAGE_TABLE_-0x4d2>
 26e:	b1d9                	j	ffffffffffffff34 <__global_pointer$+0xffffffffffffd734>
 270:	86fa                	mv	a3,t5
 272:	f91f3b33          	0xf91f3b33
 276:	a92e                	fsd	fa1,144(sp)
 278:	570c                	lw	a1,40(a4)
 27a:	76f0b80f          	0x76f0b80f
 27e:	e9ba                	sd	a4,208(sp)

Disassembly of section .note.ABI-tag:

0000000000000280 <.note.ABI-tag>:
 280:	0004                	0x4
 282:	0000                	unimp
 284:	0010                	0x10
 286:	0000                	unimp
 288:	0001                	nop
 28a:	0000                	unimp
 28c:	00554e47          	fmsub.s	ft8,fa0,ft5,ft0,rmm
 290:	0000                	unimp
 292:	0000                	unimp
 294:	0004                	0x4
 296:	0000                	unimp
 298:	0000000f          	fence	unknown,unknown
 29c:	0000                	unimp
	...

Disassembly of section .gnu.hash:

00000000000002a0 <.gnu.hash>:
 2a0:	0002                	c.slli64	zero
 2a2:	0000                	unimp
 2a4:	000d                	c.nop	3
 2a6:	0000                	unimp
 2a8:	0001                	nop
 2aa:	0000                	unimp
 2ac:	0006                	c.slli	zero,0x1
 2ae:	0000                	unimp
 2b0:	0000                	unimp
 2b2:	0000                	unimp
 2b4:	0400                	addi	s0,sp,512
 2b6:	2000                	fld	fs0,0(s0)
 2b8:	000d                	c.nop	3
 2ba:	0000                	unimp
 2bc:	0000                	unimp
 2be:	0000                	unimp
 2c0:	7c9a7f6b          	0x7c9a7f6b

Disassembly of section .dynsym:

00000000000002c8 <.dynsym>:
	...
 2e4:	000c0003          	lb	zero,0(s8)
 2e8:	07d0                	addi	a2,sp,964
	...
 2f6:	0000                	unimp
 2f8:	012a                	slli	sp,sp,0xa
 2fa:	0000                	unimp
 2fc:	0012                	c.slli	zero,0x4
	...
 30e:	0000                	unimp
 310:	0046                	c.slli	zero,0x11
 312:	0000                	unimp
 314:	0012                	c.slli	zero,0x4
	...
 326:	0000                	unimp
 328:	0000011b          	sext.w	sp,zero
 32c:	0022                	c.slli	zero,0x8
	...
 33e:	0000                	unimp
 340:	00aa                	slli	ra,ra,0xa
 342:	0000                	unimp
 344:	0012                	c.slli	zero,0x4
	...
 356:	0000                	unimp
 358:	0099                	addi	ra,ra,6
 35a:	0000                	unimp
 35c:	0012                	c.slli	zero,0x4
	...
 36e:	0000                	unimp
 370:	00fa                	slli	ra,ra,0x1e
 372:	0000                	unimp
 374:	0011                	c.nop	4
	...
 386:	0000                	unimp
 388:	00e2                	slli	ra,ra,0x18
 38a:	0000                	unimp
 38c:	0012                	c.slli	zero,0x4
	...
 39e:	0000                	unimp
 3a0:	0010                	0x10
 3a2:	0000                	unimp
 3a4:	0020                	addi	s0,sp,8
	...
 3b6:	0000                	unimp
 3b8:	010e                	slli	sp,sp,0x3
 3ba:	0000                	unimp
 3bc:	0012                	c.slli	zero,0x4
	...
 3ce:	0000                	unimp
 3d0:	002c                	addi	a1,sp,8
 3d2:	0000                	unimp
 3d4:	0020                	addi	s0,sp,8
	...
 3e6:	0000                	unimp
 3e8:	0081                	addi	ra,ra,0
 3ea:	0000                	unimp
 3ec:	0012                	c.slli	zero,0x4
	...
 3fe:	0000                	unimp
 400:	00000137          	lui	sp,0x0
 404:	0012                	c.slli	zero,0x4
 406:	000c                	0xc
 408:	0894                	addi	a3,sp,80
 40a:	0000                	unimp
 40c:	0000                	unimp
 40e:	0000                	unimp
 410:	0038                	addi	a4,sp,8
 412:	0000                	unimp
 414:	0000                	unimp
	...

Disassembly of section .dynstr:

0000000000000418 <.dynstr>:
 418:	6c00                	ld	s0,24(s0)
 41a:	6269                	lui	tp,0x1a
 41c:	63647473          	csrrci	s0,0x636,8
 420:	732e2b2b          	0x732e2b2b
 424:	00362e6f          	jal	t3,62c26 <__global_pointer$+0x60426>
 428:	495f 4d54 645f      	0x645f4d54495f
 42e:	7265                	lui	tp,0xffff9
 430:	6765                	lui	a4,0x19
 432:	7369                	lui	t1,0xffffa
 434:	6574                	ld	a3,200(a0)
 436:	5472                	lw	s0,60(sp)
 438:	434d                	li	t1,19
 43a:	6f6c                	ld	a1,216(a4)
 43c:	656e                	ld	a0,216(sp)
 43e:	6154                	ld	a3,128(a0)
 440:	6c62                	ld	s8,24(sp)
 442:	0065                	c.nop	25
 444:	495f 4d54 725f      	0x725f4d54495f
 44a:	6765                	lui	a4,0x19
 44c:	7369                	lui	t1,0xffffa
 44e:	6574                	ld	a3,200(a0)
 450:	5472                	lw	s0,60(sp)
 452:	434d                	li	t1,19
 454:	6f6c                	ld	a1,216(a4)
 456:	656e                	ld	a0,216(sp)
 458:	6154                	ld	a3,128(a0)
 45a:	6c62                	ld	s8,24(sp)
 45c:	0065                	c.nop	25
 45e:	5a5f 7453 6534      	0x653474535a5f
 464:	646e                	ld	s0,216(sp)
 466:	496c                	lw	a1,84(a0)
 468:	31745363          	bge	s0,s7,76e <_PROCEDURE_LINKAGE_TABLE_+0xe>
 46c:	6331                	lui	t1,0xc
 46e:	6168                	ld	a0,192(a0)
 470:	5f72                	lw	t5,60(sp)
 472:	7274                	ld	a3,224(a2)
 474:	6961                	lui	s2,0x18
 476:	7374                	ld	a3,224(a4)
 478:	6349                	lui	t1,0x12
 47a:	4545                	li	a0,17
 47c:	5352                	lw	t1,52(sp)
 47e:	3174                	fld	fa3,224(a0)
 480:	73616233          	0x73616233
 484:	6369                	lui	t1,0x1a
 486:	6f5f 7473 6572      	0x657274736f5f
 48c:	6d61                	lui	s10,0x18
 48e:	5449                	li	s0,-14
 490:	545f 5f30 5345      	0x53455f30545f
 496:	5f36                	lw	t5,108(sp)
 498:	5f00                	lw	s0,56(a4)
 49a:	4e5a                	lw	t3,148(sp)
 49c:	69387453          	0x69387453
 4a0:	625f736f          	jal	t1,f82c4 <__global_pointer$+0xf5ac4>
 4a4:	7361                	lui	t1,0xffff8
 4a6:	3465                	addiw	s0,s0,-7
 4a8:	6e49                	lui	t3,0x12
 4aa:	7469                	lui	s0,0xffffa
 4ac:	3144                	fld	fs1,160(a0)
 4ae:	7645                	lui	a2,0xffff1
 4b0:	5f00                	lw	s0,56(a4)
 4b2:	4e5a                	lw	t3,148(sp)
 4b4:	736c6f53          	0x736c6f53
 4b8:	5045                	c.li	zero,-15
 4ba:	5246                	lw	tp,112(sp)
 4bc:	5f536f53          	0x5f536f53
 4c0:	0045                	c.nop	17
 4c2:	5a5f 7453 736c      	0x736c74535a5f
 4c8:	5349                	li	t1,-14
 4ca:	3174                	fld	fa3,224(a0)
 4cc:	6331                	lui	t1,0xc
 4ce:	6168                	ld	a0,192(a0)
 4d0:	5f72                	lw	t5,60(sp)
 4d2:	7274                	ld	a3,224(a2)
 4d4:	6961                	lui	s2,0x18
 4d6:	7374                	ld	a3,224(a4)
 4d8:	6349                	lui	t1,0x12
 4da:	4545                	li	a0,17
 4dc:	5352                	lw	t1,52(sp)
 4de:	3174                	fld	fa3,224(a0)
 4e0:	73616233          	0x73616233
 4e4:	6369                	lui	t1,0x1a
 4e6:	6f5f 7473 6572      	0x657274736f5f
 4ec:	6d61                	lui	s10,0x18
 4ee:	6349                	lui	t1,0x12
 4f0:	5f54                	lw	a3,60(a4)
 4f2:	5345                	li	t1,-15
 4f4:	5f35                	li	t5,-19
 4f6:	4b50                	lw	a2,20(a4)
 4f8:	5a5f0063          	beq	t5,t0,a98 <__FRAME_END__+0x8>
 4fc:	534e                	lw	t1,240(sp)
 4fe:	3874                	fld	fa3,240(s0)
 500:	6f69                	lui	t5,0x1a
 502:	61625f73          	csrrwi	t5,0x616,4
 506:	49346573          	csrrsi	a0,0x493,8
 50a:	696e                	ld	s2,216(sp)
 50c:	4374                	lw	a3,68(a4)
 50e:	4531                	li	a0,12
 510:	0076                	c.slli	zero,0x1d
 512:	5a5f 7453 6334      	0x633474535a5f
 518:	0074756f          	jal	a0,47d1e <__global_pointer$+0x4551e>
 51c:	696c                	ld	a1,208(a0)
 51e:	6362                	ld	t1,24(sp)
 520:	732e                	ld	t1,232(sp)
 522:	00362e6f          	jal	t3,62d24 <__global_pointer$+0x60524>
 526:	5f5f 7863 5f61      	0x5f6178635f5f
 52c:	7461                	lui	s0,0xffff8
 52e:	7865                	lui	a6,0xffff9
 530:	7469                	lui	s0,0xffffa
 532:	5f00                	lw	s0,56(a4)
 534:	635f 6178 665f      	0x665f6178635f
 53a:	6e69                	lui	t3,0x1a
 53c:	6c61                	lui	s8,0x18
 53e:	7a69                	lui	s4,0xffffa
 540:	0065                	c.nop	25
 542:	5f5f 696c 6362      	0x6362696c5f5f
 548:	735f 6174 7472      	0x74726174735f
 54e:	6d5f 6961 006e      	0x6e69616d5f
 554:	42494c47          	fmsub.d	fs8,fs2,ft4,fs0,rmm
 558:	5f585843          	fmadd.q	fa6,fa6,fs5,fa1,unknown
 55c:	00342e33          	slt	t3,s0,gp
 560:	42494c47          	fmsub.d	fs8,fs2,ft4,fs0,rmm
 564:	2e325f43          	fmadd.q	ft10,ft4,ft3,ft5,unknown
 568:	3732                	fld	fa4,296(sp)
	...

Disassembly of section .gnu.version:

000000000000056c <.gnu.version>:
 56c:	0000                	unimp
 56e:	0000                	unimp
 570:	0002                	c.slli64	zero
 572:	00020003          	lb	zero,0(tp) # ffffffffffff9000 <__global_pointer$+0xffffffffffff6800>
 576:	00030003          	lb	zero,0(t1) # 12000 <__global_pointer$+0xf800>
 57a:	00030003          	lb	zero,0(t1)
 57e:	0000                	unimp
 580:	0002                	c.slli64	zero
 582:	0000                	unimp
 584:	00010003          	lb	zero,0(sp) # 0 <_PROCEDURE_LINKAGE_TABLE_-0x760>

Disassembly of section .gnu.version_r:

0000000000000588 <.gnu.version_r>:
 588:	0001                	nop
 58a:	0001                	nop
 58c:	0001                	nop
 58e:	0000                	unimp
 590:	0010                	0x10
 592:	0000                	unimp
 594:	0020                	addi	s0,sp,8
 596:	0000                	unimp
 598:	2974                	fld	fa3,208(a0)
 59a:	0892                	slli	a7,a7,0x4
 59c:	0000                	unimp
 59e:	013c0003          	lb	zero,19(s8) # 18013 <__global_pointer$+0x15813>
 5a2:	0000                	unimp
 5a4:	0000                	unimp
 5a6:	0000                	unimp
 5a8:	0001                	nop
 5aa:	0001                	nop
 5ac:	0104                	addi	s1,sp,128
 5ae:	0000                	unimp
 5b0:	0010                	0x10
 5b2:	0000                	unimp
 5b4:	0000                	unimp
 5b6:	0000                	unimp
 5b8:	06969187          	0x6969187
 5bc:	0000                	unimp
 5be:	0002                	c.slli64	zero
 5c0:	0148                	addi	a0,sp,132
 5c2:	0000                	unimp
 5c4:	0000                	unimp
	...

Disassembly of section .rela.dyn:

00000000000005c8 <.rela.dyn>:
 5c8:	1de0                	addi	s0,sp,764
 5ca:	0000                	unimp
 5cc:	0000                	unimp
 5ce:	0000                	unimp
 5d0:	00000003          	lb	zero,0(zero) # 0 <_PROCEDURE_LINKAGE_TABLE_-0x760>
 5d4:	0000                	unimp
 5d6:	0000                	unimp
 5d8:	07fe                	slli	a5,a5,0x1f
 5da:	0000                	unimp
 5dc:	0000                	unimp
 5de:	0000                	unimp
 5e0:	1de8                	addi	a0,sp,764
 5e2:	0000                	unimp
 5e4:	0000                	unimp
 5e6:	0000                	unimp
 5e8:	00000003          	lb	zero,0(zero) # 0 <_PROCEDURE_LINKAGE_TABLE_-0x760>
 5ec:	0000                	unimp
 5ee:	0000                	unimp
 5f0:	0892                	slli	a7,a7,0x4
 5f2:	0000                	unimp
 5f4:	0000                	unimp
 5f6:	0000                	unimp
 5f8:	1df0                	addi	a2,sp,764
 5fa:	0000                	unimp
 5fc:	0000                	unimp
 5fe:	0000                	unimp
 600:	00000003          	lb	zero,0(zero) # 0 <_PROCEDURE_LINKAGE_TABLE_-0x760>
 604:	0000                	unimp
 606:	0000                	unimp
 608:	0932                	slli	s2,s2,0xc
 60a:	0000                	unimp
 60c:	0000                	unimp
 60e:	0000                	unimp
 610:	1df8                	addi	a4,sp,764
 612:	0000                	unimp
 614:	0000                	unimp
 616:	0000                	unimp
 618:	00000003          	lb	zero,0(zero) # 0 <_PROCEDURE_LINKAGE_TABLE_-0x760>
 61c:	0000                	unimp
 61e:	0000                	unimp
 620:	0858                	addi	a4,sp,20
 622:	0000                	unimp
 624:	0000                	unimp
 626:	0000                	unimp
 628:	2000                	fld	fs0,0(s0)
 62a:	0000                	unimp
 62c:	0000                	unimp
 62e:	0000                	unimp
 630:	00000003          	lb	zero,0(zero) # 0 <_PROCEDURE_LINKAGE_TABLE_-0x760>
 634:	0000                	unimp
 636:	0000                	unimp
 638:	2000                	fld	fs0,0(s0)
 63a:	0000                	unimp
 63c:	0000                	unimp
 63e:	0000                	unimp
 640:	2048                	fld	fa0,128(s0)
 642:	0000                	unimp
 644:	0000                	unimp
 646:	0000                	unimp
 648:	00000003          	lb	zero,0(zero) # 0 <_PROCEDURE_LINKAGE_TABLE_-0x760>
 64c:	0000                	unimp
 64e:	0000                	unimp
 650:	0894                	addi	a3,sp,80
 652:	0000                	unimp
 654:	0000                	unimp
 656:	0000                	unimp
 658:	2050                	fld	fa2,128(s0)
 65a:	0000                	unimp
 65c:	0000                	unimp
 65e:	0000                	unimp
 660:	0002                	c.slli64	zero
 662:	0000                	unimp
 664:	00000003          	lb	zero,0(zero) # 0 <_PROCEDURE_LINKAGE_TABLE_-0x760>
	...
 670:	2058                	fld	fa4,128(s0)
 672:	0000                	unimp
 674:	0000                	unimp
 676:	0000                	unimp
 678:	0002                	c.slli64	zero
 67a:	0000                	unimp
 67c:	0004                	0x4
	...
 686:	0000                	unimp
 688:	2060                	fld	fs0,192(s0)
 68a:	0000                	unimp
 68c:	0000                	unimp
 68e:	0000                	unimp
 690:	0002                	c.slli64	zero
 692:	0000                	unimp
 694:	00000007          	0x7
	...
 6a0:	2068                	fld	fa0,192(s0)
 6a2:	0000                	unimp
 6a4:	0000                	unimp
 6a6:	0000                	unimp
 6a8:	0002                	c.slli64	zero
 6aa:	0000                	unimp
 6ac:	0009                	c.nop	2
	...
 6b6:	0000                	unimp
 6b8:	2070                	fld	fa2,192(s0)
 6ba:	0000                	unimp
 6bc:	0000                	unimp
 6be:	0000                	unimp
 6c0:	0002                	c.slli64	zero
 6c2:	0000                	unimp
 6c4:	0000000b          	0xb
	...
 6d0:	2078                	fld	fa4,192(s0)
 6d2:	0000                	unimp
 6d4:	0000                	unimp
 6d6:	0000                	unimp
 6d8:	0002                	c.slli64	zero
 6da:	0000                	unimp
 6dc:	000c                	0xc
	...

Disassembly of section .rela.plt:

00000000000006e8 <.rela.plt>:
 6e8:	2018                	fld	fa4,0(s0)
 6ea:	0000                	unimp
 6ec:	0000                	unimp
 6ee:	0000                	unimp
 6f0:	0005                	c.nop	1
 6f2:	0000                	unimp
 6f4:	0002                	c.slli64	zero
	...
 6fe:	0000                	unimp
 700:	2020                	fld	fs0,64(s0)
 702:	0000                	unimp
 704:	0000                	unimp
 706:	0000                	unimp
 708:	0005                	c.nop	1
 70a:	0000                	unimp
 70c:	0005                	c.nop	1
	...
 716:	0000                	unimp
 718:	2028                	fld	fa0,64(s0)
 71a:	0000                	unimp
 71c:	0000                	unimp
 71e:	0000                	unimp
 720:	0005                	c.nop	1
 722:	0000                	unimp
 724:	0006                	c.slli	zero,0x1
	...
 72e:	0000                	unimp
 730:	2030                	fld	fa2,64(s0)
 732:	0000                	unimp
 734:	0000                	unimp
 736:	0000                	unimp
 738:	0005                	c.nop	1
 73a:	0000                	unimp
 73c:	0008                	0x8
	...
 746:	0000                	unimp
 748:	2038                	fld	fa4,64(s0)
 74a:	0000                	unimp
 74c:	0000                	unimp
 74e:	0000                	unimp
 750:	0005                	c.nop	1
 752:	0000                	unimp
 754:	000a                	c.slli	zero,0x2
	...

Disassembly of section .plt:

0000000000000760 <.plt>:
 760:	00002397          	auipc	t2,0x2
 764:	41c30333          	sub	t1,t1,t3
 768:	8a83be03          	ld	t3,-1880(t2) # 2008 <__TMC_END__>
 76c:	fd430313          	addi	t1,t1,-44
 770:	8a838293          	addi	t0,t2,-1880
 774:	00135313          	srli	t1,t1,0x1
 778:	0082b283          	ld	t0,8(t0)
 77c:	000e0067          	jr	t3 # 1a000 <__global_pointer$+0x17800>

0000000000000780 <__libc_start_main@plt>:
 780:	00002e17          	auipc	t3,0x2
 784:	898e3e03          	ld	t3,-1896(t3) # 2018 <__libc_start_main@GLIBC_2.27>
 788:	000e0367          	jalr	t1,t3
 78c:	00000013          	nop

0000000000000790 <_ZStlsISt11char_traitsIcEERSt13basic_ostreamIcT_ES5_PKc@plt>:
 790:	00002e17          	auipc	t3,0x2
 794:	890e3e03          	ld	t3,-1904(t3) # 2020 <_ZStlsISt11char_traitsIcEERSt13basic_ostreamIcT_ES5_PKc@GLIBCXX_3.4>
 798:	000e0367          	jalr	t1,t3
 79c:	00000013          	nop

00000000000007a0 <_ZNSolsEPFRSoS_E@plt>:
 7a0:	00002e17          	auipc	t3,0x2
 7a4:	888e3e03          	ld	t3,-1912(t3) # 2028 <_ZNSolsEPFRSoS_E@GLIBCXX_3.4>
 7a8:	000e0367          	jalr	t1,t3
 7ac:	00000013          	nop

00000000000007b0 <_ZNSt8ios_base4InitC1Ev@plt>:
 7b0:	00002e17          	auipc	t3,0x2
 7b4:	880e3e03          	ld	t3,-1920(t3) # 2030 <_ZNSt8ios_base4InitC1Ev@GLIBCXX_3.4>
 7b8:	000e0367          	jalr	t1,t3
 7bc:	00000013          	nop

00000000000007c0 <__cxa_atexit@plt>:
 7c0:	00002e17          	auipc	t3,0x2
 7c4:	878e3e03          	ld	t3,-1928(t3) # 2038 <__cxa_atexit@GLIBC_2.27>
 7c8:	000e0367          	jalr	t1,t3
 7cc:	00000013          	nop

Disassembly of section .text:

00000000000007d0 <_start>:
 7d0:	02e000ef          	jal	ra,7fe <load_gp>
 7d4:	87aa                	mv	a5,a0
 7d6:	00002517          	auipc	a0,0x2
 7da:	87253503          	ld	a0,-1934(a0) # 2048 <_GLOBAL_OFFSET_TABLE_+0x8>
 7de:	6582                	ld	a1,0(sp)
 7e0:	0030                	addi	a2,sp,8
 7e2:	ff017113          	andi	sp,sp,-16
 7e6:	00000697          	auipc	a3,0x0
 7ea:	16868693          	addi	a3,a3,360 # 94e <__libc_csu_init>
 7ee:	00000717          	auipc	a4,0x0
 7f2:	1b870713          	addi	a4,a4,440 # 9a6 <__libc_csu_fini>
 7f6:	880a                	mv	a6,sp
 7f8:	f89ff0ef          	jal	ra,780 <__libc_start_main@plt>
 7fc:	9002                	ebreak

00000000000007fe <load_gp>:
 7fe:	00002197          	auipc	gp,0x2
 802:	00218193          	addi	gp,gp,2 # 2800 <__global_pointer$>
 806:	8082                	ret
	...

000000000000080a <deregister_tm_clones>:
 80a:	00001517          	auipc	a0,0x1
 80e:	7fe50513          	addi	a0,a0,2046 # 2008 <__TMC_END__>
 812:	00001797          	auipc	a5,0x1
 816:	7f678793          	addi	a5,a5,2038 # 2008 <__TMC_END__>
 81a:	00a78863          	beq	a5,a0,82a <deregister_tm_clones+0x20>
 81e:	00002797          	auipc	a5,0x2
 822:	84a7b783          	ld	a5,-1974(a5) # 2068 <_ITM_deregisterTMCloneTable>
 826:	c391                	beqz	a5,82a <deregister_tm_clones+0x20>
 828:	8782                	jr	a5
 82a:	8082                	ret

000000000000082c <register_tm_clones>:
 82c:	00001517          	auipc	a0,0x1
 830:	7dc50513          	addi	a0,a0,2012 # 2008 <__TMC_END__>
 834:	00001597          	auipc	a1,0x1
 838:	7d458593          	addi	a1,a1,2004 # 2008 <__TMC_END__>
 83c:	8d89                	sub	a1,a1,a0
 83e:	4035d793          	srai	a5,a1,0x3
 842:	91fd                	srli	a1,a1,0x3f
 844:	95be                	add	a1,a1,a5
 846:	8585                	srai	a1,a1,0x1
 848:	c599                	beqz	a1,856 <register_tm_clones+0x2a>
 84a:	00002797          	auipc	a5,0x2
 84e:	8267b783          	ld	a5,-2010(a5) # 2070 <_ITM_registerTMCloneTable>
 852:	c391                	beqz	a5,856 <register_tm_clones+0x2a>
 854:	8782                	jr	a5
 856:	8082                	ret

0000000000000858 <__do_global_dtors_aux>:
 858:	1141                	addi	sp,sp,-16
 85a:	e022                	sd	s0,0(sp)
 85c:	00002417          	auipc	s0,0x2
 860:	82c40413          	addi	s0,s0,-2004 # 2088 <completed.0>
 864:	00044783          	lbu	a5,0(s0)
 868:	e406                	sd	ra,8(sp)
 86a:	e385                	bnez	a5,88a <__do_global_dtors_aux+0x32>
 86c:	00001797          	auipc	a5,0x1
 870:	7ec7b783          	ld	a5,2028(a5) # 2058 <__cxa_finalize@GLIBC_2.27>
 874:	c791                	beqz	a5,880 <__do_global_dtors_aux+0x28>
 876:	00001517          	auipc	a0,0x1
 87a:	78a53503          	ld	a0,1930(a0) # 2000 <__dso_handle>
 87e:	9782                	jalr	a5
 880:	f8bff0ef          	jal	ra,80a <deregister_tm_clones>
 884:	4785                	li	a5,1
 886:	00f40023          	sb	a5,0(s0)
 88a:	60a2                	ld	ra,8(sp)
 88c:	6402                	ld	s0,0(sp)
 88e:	0141                	addi	sp,sp,16
 890:	8082                	ret

0000000000000892 <frame_dummy>:
 892:	bf69                	j	82c <register_tm_clones>

0000000000000894 <main>:
 894:	1141                	addi	sp,sp,-16
 896:	e406                	sd	ra,8(sp)
 898:	e022                	sd	s0,0(sp)
 89a:	0800                	addi	s0,sp,16
 89c:	00000597          	auipc	a1,0x0
 8a0:	11458593          	addi	a1,a1,276 # 9b0 <_ZStL19piecewise_construct+0x8>
 8a4:	00001517          	auipc	a0,0x1
 8a8:	7bc53503          	ld	a0,1980(a0) # 2060 <_ZSt4cout@GLIBCXX_3.4>
 8ac:	ee5ff0ef          	jal	ra,790 <_ZStlsISt11char_traitsIcEERSt13basic_ostreamIcT_ES5_PKc@plt>
 8b0:	87aa                	mv	a5,a0
 8b2:	00001597          	auipc	a1,0x1
 8b6:	79e5b583          	ld	a1,1950(a1) # 2050 <_ZSt4endlIcSt11char_traitsIcEERSt13basic_ostreamIT_T0_ES6_@GLIBCXX_3.4>
 8ba:	853e                	mv	a0,a5
 8bc:	ee5ff0ef          	jal	ra,7a0 <_ZNSolsEPFRSoS_E@plt>
 8c0:	4781                	li	a5,0
 8c2:	853e                	mv	a0,a5
 8c4:	60a2                	ld	ra,8(sp)
 8c6:	6402                	ld	s0,0(sp)
 8c8:	0141                	addi	sp,sp,16
 8ca:	8082                	ret

00000000000008cc <_Z41__static_initialization_and_destruction_0ii>:
 8cc:	1101                	addi	sp,sp,-32
 8ce:	ec06                	sd	ra,24(sp)
 8d0:	e822                	sd	s0,16(sp)
 8d2:	1000                	addi	s0,sp,32
 8d4:	87aa                	mv	a5,a0
 8d6:	872e                	mv	a4,a1
 8d8:	fef42623          	sw	a5,-20(s0)
 8dc:	87ba                	mv	a5,a4
 8de:	fef42423          	sw	a5,-24(s0)
 8e2:	fec42783          	lw	a5,-20(s0)
 8e6:	0007871b          	sext.w	a4,a5
 8ea:	4785                	li	a5,1
 8ec:	02f71e63          	bne	a4,a5,928 <_Z41__static_initialization_and_destruction_0ii+0x5c>
 8f0:	fe842783          	lw	a5,-24(s0)
 8f4:	0007871b          	sext.w	a4,a5
 8f8:	67c1                	lui	a5,0x10
 8fa:	17fd                	addi	a5,a5,-1
 8fc:	02f71663          	bne	a4,a5,928 <_Z41__static_initialization_and_destruction_0ii+0x5c>
 900:	00001517          	auipc	a0,0x1
 904:	79050513          	addi	a0,a0,1936 # 2090 <_ZStL8__ioinit>
 908:	ea9ff0ef          	jal	ra,7b0 <_ZNSt8ios_base4InitC1Ev@plt>
 90c:	00001617          	auipc	a2,0x1
 910:	6f460613          	addi	a2,a2,1780 # 2000 <__dso_handle>
 914:	00001597          	auipc	a1,0x1
 918:	77c58593          	addi	a1,a1,1916 # 2090 <_ZStL8__ioinit>
 91c:	00001517          	auipc	a0,0x1
 920:	75c53503          	ld	a0,1884(a0) # 2078 <_ZNSt8ios_base4InitD1Ev@GLIBCXX_3.4>
 924:	e9dff0ef          	jal	ra,7c0 <__cxa_atexit@plt>
 928:	0001                	nop
 92a:	60e2                	ld	ra,24(sp)
 92c:	6442                	ld	s0,16(sp)
 92e:	6105                	addi	sp,sp,32
 930:	8082                	ret

0000000000000932 <_GLOBAL__sub_I_main>:
 932:	1141                	addi	sp,sp,-16
 934:	e406                	sd	ra,8(sp)
 936:	e022                	sd	s0,0(sp)
 938:	0800                	addi	s0,sp,16
 93a:	67c1                	lui	a5,0x10
 93c:	fff78593          	addi	a1,a5,-1 # ffff <__global_pointer$+0xd7ff>
 940:	4505                	li	a0,1
 942:	f8bff0ef          	jal	ra,8cc <_Z41__static_initialization_and_destruction_0ii>
 946:	60a2                	ld	ra,8(sp)
 948:	6402                	ld	s0,0(sp)
 94a:	0141                	addi	sp,sp,16
 94c:	8082                	ret

000000000000094e <__libc_csu_init>:
 94e:	7139                	addi	sp,sp,-64
 950:	f822                	sd	s0,48(sp)
 952:	f04a                	sd	s2,32(sp)
 954:	00001417          	auipc	s0,0x1
 958:	49440413          	addi	s0,s0,1172 # 1de8 <__frame_dummy_init_array_entry>
 95c:	00001917          	auipc	s2,0x1
 960:	49c90913          	addi	s2,s2,1180 # 1df8 <__do_global_dtors_aux_fini_array_entry>
 964:	40890933          	sub	s2,s2,s0
 968:	fc06                	sd	ra,56(sp)
 96a:	f426                	sd	s1,40(sp)
 96c:	ec4e                	sd	s3,24(sp)
 96e:	e852                	sd	s4,16(sp)
 970:	e456                	sd	s5,8(sp)
 972:	40395913          	srai	s2,s2,0x3
 976:	00090f63          	beqz	s2,994 <__libc_csu_init+0x46>
 97a:	89aa                	mv	s3,a0
 97c:	8a2e                	mv	s4,a1
 97e:	8ab2                	mv	s5,a2
 980:	4481                	li	s1,0
 982:	601c                	ld	a5,0(s0)
 984:	8656                	mv	a2,s5
 986:	85d2                	mv	a1,s4
 988:	854e                	mv	a0,s3
 98a:	0485                	addi	s1,s1,1
 98c:	9782                	jalr	a5
 98e:	0421                	addi	s0,s0,8
 990:	fe9919e3          	bne	s2,s1,982 <__libc_csu_init+0x34>
 994:	70e2                	ld	ra,56(sp)
 996:	7442                	ld	s0,48(sp)
 998:	74a2                	ld	s1,40(sp)
 99a:	7902                	ld	s2,32(sp)
 99c:	69e2                	ld	s3,24(sp)
 99e:	6a42                	ld	s4,16(sp)
 9a0:	6aa2                	ld	s5,8(sp)
 9a2:	6121                	addi	sp,sp,64
 9a4:	8082                	ret

00000000000009a6 <__libc_csu_fini>:
 9a6:	8082                	ret

Disassembly of section .rodata:

00000000000009a8 <_ZStL19piecewise_construct>:
	...
 9b0:	6548                	ld	a0,136(a0)
 9b2:	6c6c                	ld	a1,216(s0)
 9b4:	6f57206f          	j	738a8 <__global_pointer$+0x710a8>
 9b8:	6c72                	ld	s8,280(sp)
 9ba:	2064                	fld	fs1,192(s0)
 9bc:	202d                	0x202d
 9be:	6f4a                	ld	t5,144(sp)
 9c0:	6e68                	ld	a0,216(a2)
	...

Disassembly of section .eh_frame_hdr:

00000000000009c4 <__GNU_EH_FRAME_HDR>:
 9c4:	1b01                	addi	s6,s6,-32
 9c6:	00283b03          	ld	s6,2(a6) # ffffffffffff9002 <__global_pointer$+0xffffffffffff6802>
 9ca:	0000                	unimp
 9cc:	0004                	0x4
 9ce:	0000                	unimp
 9d0:	fe0c                	sd	a1,56(a2)
 9d2:	ffff                	0xffff
 9d4:	0040                	addi	s0,sp,4
 9d6:	0000                	unimp
 9d8:	fed0                	sd	a2,184(a3)
 9da:	ffff                	0xffff
 9dc:	0054                	addi	a3,sp,4
 9de:	0000                	unimp
 9e0:	ff08                	sd	a0,56(a4)
 9e2:	ffff                	0xffff
 9e4:	007c                	addi	a5,sp,12
 9e6:	0000                	unimp
 9e8:	ff6e                	sd	s11,440(sp)
 9ea:	ffff                	0xffff
 9ec:	00a4                	addi	s1,sp,72
	...

Disassembly of section .eh_frame:

00000000000009f0 <__FRAME_END__-0xa0>:
 9f0:	0010                	0x10
 9f2:	0000                	unimp
 9f4:	0000                	unimp
 9f6:	0000                	unimp
 9f8:	00527a03          	0x527a03
 9fc:	7c01                	lui	s8,0xfffe0
 9fe:	0101                	addi	sp,sp,0
 a00:	00020d1b          	sext.w	s10,tp
 a04:	0010                	0x10
 a06:	0000                	unimp
 a08:	0018                	0x18
 a0a:	0000                	unimp
 a0c:	fdc4                	sd	s1,184(a1)
 a0e:	ffff                	0xffff
 a10:	002e                	c.slli	zero,0xb
 a12:	0000                	unimp
 a14:	0700                	addi	s0,sp,896
 a16:	0001                	nop
 a18:	0024                	addi	s1,sp,8
 a1a:	0000                	unimp
 a1c:	002c                	addi	a1,sp,8
 a1e:	0000                	unimp
 a20:	fe74                	sd	a3,248(a2)
 a22:	ffff                	0xffff
 a24:	0038                	addi	a4,sp,8
 a26:	0000                	unimp
 a28:	4200                	lw	s0,0(a2)
 a2a:	100e                	c.slli	zero,0x23
 a2c:	8144                	0x8144
 a2e:	8802                	jr	a6
 a30:	4204                	lw	s1,0(a2)
 a32:	080c                	addi	a1,sp,16
 a34:	6a00                	ld	s0,16(a2)
 a36:	42c1                	li	t0,16
 a38:	0cc8                	addi	a0,sp,596
 a3a:	1002                	c.slli	zero,0x20
 a3c:	0e42                	slli	t3,t3,0x10
 a3e:	0000                	unimp
 a40:	0024                	addi	s1,sp,8
 a42:	0000                	unimp
 a44:	0054                	addi	a3,sp,4
 a46:	0000                	unimp
 a48:	fe84                	sd	s1,56(a3)
 a4a:	ffff                	0xffff
 a4c:	0066                	c.slli	zero,0x19
 a4e:	0000                	unimp
 a50:	4200                	lw	s0,0(a2)
 a52:	200e                	fld	ft0,192(sp)
 a54:	8144                	0x8144
 a56:	8802                	jr	a6
 a58:	4204                	lw	s1,0(a2)
 a5a:	080c                	addi	a1,sp,16
 a5c:	0200                	addi	s0,sp,256
 a5e:	c158                	sw	a4,4(a0)
 a60:	c842                	sw	a6,16(sp)
 a62:	020c                	addi	a1,sp,256
 a64:	4220                	lw	s0,64(a2)
 a66:	000e                	c.slli	zero,0x3
 a68:	0024                	addi	s1,sp,8
 a6a:	0000                	unimp
 a6c:	007c                	addi	a5,sp,12
 a6e:	0000                	unimp
 a70:	fec2                	sd	a6,376(sp)
 a72:	ffff                	0xffff
 a74:	001c                	0x1c
 a76:	0000                	unimp
 a78:	4200                	lw	s0,0(a2)
 a7a:	100e                	c.slli	zero,0x23
 a7c:	8144                	0x8144
 a7e:	8802                	jr	a6
 a80:	4204                	lw	s1,0(a2)
 a82:	080c                	addi	a1,sp,16
 a84:	4e00                	lw	s0,24(a2)
 a86:	42c1                	li	t0,16
 a88:	0cc8                	addi	a0,sp,596
 a8a:	1002                	c.slli	zero,0x20
 a8c:	0e42                	slli	t3,t3,0x10
	...

0000000000000a90 <__FRAME_END__>:
 a90:	0000                	unimp
	...

Disassembly of section .preinit_array:

0000000000001de0 <.preinit_array>:
	...

Disassembly of section .init_array:

0000000000001de8 <__frame_dummy_init_array_entry>:
	...

Disassembly of section .fini_array:

0000000000001df8 <__do_global_dtors_aux_fini_array_entry>:
	...

Disassembly of section .dynamic:

0000000000001e00 <.dynamic>:
    1e00:	0001                	nop
    1e02:	0000                	unimp
    1e04:	0000                	unimp
    1e06:	0000                	unimp
    1e08:	0001                	nop
    1e0a:	0000                	unimp
    1e0c:	0000                	unimp
    1e0e:	0000                	unimp
    1e10:	0001                	nop
    1e12:	0000                	unimp
    1e14:	0000                	unimp
    1e16:	0000                	unimp
    1e18:	0104                	addi	s1,sp,128
    1e1a:	0000                	unimp
    1e1c:	0000                	unimp
    1e1e:	0000                	unimp
    1e20:	0020                	addi	s0,sp,8
    1e22:	0000                	unimp
    1e24:	0000                	unimp
    1e26:	0000                	unimp
    1e28:	1de0                	addi	s0,sp,764
    1e2a:	0000                	unimp
    1e2c:	0000                	unimp
    1e2e:	0000                	unimp
    1e30:	0021                	c.nop	8
    1e32:	0000                	unimp
    1e34:	0000                	unimp
    1e36:	0000                	unimp
    1e38:	0008                	0x8
    1e3a:	0000                	unimp
    1e3c:	0000                	unimp
    1e3e:	0000                	unimp
    1e40:	0019                	c.nop	6
    1e42:	0000                	unimp
    1e44:	0000                	unimp
    1e46:	0000                	unimp
    1e48:	1de8                	addi	a0,sp,764
    1e4a:	0000                	unimp
    1e4c:	0000                	unimp
    1e4e:	0000                	unimp
    1e50:	0000001b          	sext.w	zero,zero
    1e54:	0000                	unimp
    1e56:	0000                	unimp
    1e58:	0010                	0x10
    1e5a:	0000                	unimp
    1e5c:	0000                	unimp
    1e5e:	0000                	unimp
    1e60:	001a                	c.slli	zero,0x6
    1e62:	0000                	unimp
    1e64:	0000                	unimp
    1e66:	0000                	unimp
    1e68:	1df8                	addi	a4,sp,764
    1e6a:	0000                	unimp
    1e6c:	0000                	unimp
    1e6e:	0000                	unimp
    1e70:	001c                	0x1c
    1e72:	0000                	unimp
    1e74:	0000                	unimp
    1e76:	0000                	unimp
    1e78:	0008                	0x8
    1e7a:	0000                	unimp
    1e7c:	0000                	unimp
    1e7e:	0000                	unimp
    1e80:	fef5                	bnez	a3,1e7c <_DYNAMIC+0x7c>
    1e82:	6fff                	0x6fff
    1e84:	0000                	unimp
    1e86:	0000                	unimp
    1e88:	02a0                	addi	s0,sp,328
    1e8a:	0000                	unimp
    1e8c:	0000                	unimp
    1e8e:	0000                	unimp
    1e90:	0005                	c.nop	1
    1e92:	0000                	unimp
    1e94:	0000                	unimp
    1e96:	0000                	unimp
    1e98:	0418                	addi	a4,sp,512
    1e9a:	0000                	unimp
    1e9c:	0000                	unimp
    1e9e:	0000                	unimp
    1ea0:	0006                	c.slli	zero,0x1
    1ea2:	0000                	unimp
    1ea4:	0000                	unimp
    1ea6:	0000                	unimp
    1ea8:	02c8                	addi	a0,sp,324
    1eaa:	0000                	unimp
    1eac:	0000                	unimp
    1eae:	0000                	unimp
    1eb0:	000a                	c.slli	zero,0x2
    1eb2:	0000                	unimp
    1eb4:	0000                	unimp
    1eb6:	0000                	unimp
    1eb8:	00000153          	fadd.s	ft2,ft0,ft0,rne
    1ebc:	0000                	unimp
    1ebe:	0000                	unimp
    1ec0:	0000000b          	0xb
    1ec4:	0000                	unimp
    1ec6:	0000                	unimp
    1ec8:	0018                	0x18
    1eca:	0000                	unimp
    1ecc:	0000                	unimp
    1ece:	0000                	unimp
    1ed0:	0015                	c.nop	5
	...
    1ede:	0000                	unimp
    1ee0:	00000003          	lb	zero,0(zero) # 0 <_PROCEDURE_LINKAGE_TABLE_-0x760>
    1ee4:	0000                	unimp
    1ee6:	0000                	unimp
    1ee8:	2008                	fld	fa0,0(s0)
    1eea:	0000                	unimp
    1eec:	0000                	unimp
    1eee:	0000                	unimp
    1ef0:	0002                	c.slli64	zero
    1ef2:	0000                	unimp
    1ef4:	0000                	unimp
    1ef6:	0000                	unimp
    1ef8:	0078                	addi	a4,sp,12
    1efa:	0000                	unimp
    1efc:	0000                	unimp
    1efe:	0000                	unimp
    1f00:	0014                	0x14
    1f02:	0000                	unimp
    1f04:	0000                	unimp
    1f06:	0000                	unimp
    1f08:	00000007          	0x7
    1f0c:	0000                	unimp
    1f0e:	0000                	unimp
    1f10:	00000017          	auipc	zero,0x0
    1f14:	0000                	unimp
    1f16:	0000                	unimp
    1f18:	06e8                	addi	a0,sp,844
    1f1a:	0000                	unimp
    1f1c:	0000                	unimp
    1f1e:	0000                	unimp
    1f20:	00000007          	0x7
    1f24:	0000                	unimp
    1f26:	0000                	unimp
    1f28:	05c8                	addi	a0,sp,708
    1f2a:	0000                	unimp
    1f2c:	0000                	unimp
    1f2e:	0000                	unimp
    1f30:	0008                	0x8
    1f32:	0000                	unimp
    1f34:	0000                	unimp
    1f36:	0000                	unimp
    1f38:	0198                	addi	a4,sp,192
    1f3a:	0000                	unimp
    1f3c:	0000                	unimp
    1f3e:	0000                	unimp
    1f40:	0009                	c.nop	2
    1f42:	0000                	unimp
    1f44:	0000                	unimp
    1f46:	0000                	unimp
    1f48:	0018                	0x18
    1f4a:	0000                	unimp
    1f4c:	0000                	unimp
    1f4e:	0000                	unimp
    1f50:	001e                	c.slli	zero,0x7
    1f52:	0000                	unimp
    1f54:	0000                	unimp
    1f56:	0000                	unimp
    1f58:	0008                	0x8
    1f5a:	0000                	unimp
    1f5c:	0000                	unimp
    1f5e:	0000                	unimp
    1f60:	6ffffffb          	0x6ffffffb
    1f64:	0000                	unimp
    1f66:	0000                	unimp
    1f68:	0001                	nop
    1f6a:	0800                	addi	s0,sp,16
    1f6c:	0000                	unimp
    1f6e:	0000                	unimp
    1f70:	fffe                	sd	t6,504(sp)
    1f72:	6fff                	0x6fff
    1f74:	0000                	unimp
    1f76:	0000                	unimp
    1f78:	0588                	addi	a0,sp,704
    1f7a:	0000                	unimp
    1f7c:	0000                	unimp
    1f7e:	0000                	unimp
    1f80:	ffff                	0xffff
    1f82:	6fff                	0x6fff
    1f84:	0000                	unimp
    1f86:	0000                	unimp
    1f88:	0002                	c.slli64	zero
    1f8a:	0000                	unimp
    1f8c:	0000                	unimp
    1f8e:	0000                	unimp
    1f90:	fff0                	sd	a2,248(a5)
    1f92:	6fff                	0x6fff
    1f94:	0000                	unimp
    1f96:	0000                	unimp
    1f98:	056c                	addi	a1,sp,652
    1f9a:	0000                	unimp
    1f9c:	0000                	unimp
    1f9e:	0000                	unimp
    1fa0:	fff9                	bnez	a5,1f7e <_DYNAMIC+0x17e>
    1fa2:	6fff                	0x6fff
    1fa4:	0000                	unimp
    1fa6:	0000                	unimp
    1fa8:	0006                	c.slli	zero,0x1
	...

Disassembly of section .data:

0000000000002000 <__dso_handle>:
	...

Disassembly of section .got:

0000000000002008 <__TMC_END__>:
    2008:	ffff                	0xffff
    200a:	ffff                	0xffff
    200c:	ffff                	0xffff
    200e:	ffff                	0xffff
	...
    2018:	0760                	addi	s0,sp,908
    201a:	0000                	unimp
    201c:	0000                	unimp
    201e:	0000                	unimp
    2020:	0760                	addi	s0,sp,908
    2022:	0000                	unimp
    2024:	0000                	unimp
    2026:	0000                	unimp
    2028:	0760                	addi	s0,sp,908
    202a:	0000                	unimp
    202c:	0000                	unimp
    202e:	0000                	unimp
    2030:	0760                	addi	s0,sp,908
    2032:	0000                	unimp
    2034:	0000                	unimp
    2036:	0000                	unimp
    2038:	0760                	addi	s0,sp,908
    203a:	0000                	unimp
    203c:	0000                	unimp
    203e:	0000                	unimp
    2040:	1e00                	addi	s0,sp,816
	...

Disassembly of section .sdata:

0000000000002080 <_IO_stdin_used>:
    2080:	0001                	nop
    2082:	0002                	c.slli64	zero

Disassembly of section .bss:

0000000000002088 <completed.0>:
	...

0000000000002090 <_ZStL8__ioinit>:
	...

Disassembly of section .comment:

0000000000000000 <.comment>:
   0:	3a434347          	fmsub.d	ft6,ft6,ft4,ft7,rmm
   4:	2820                	fld	fs0,80(s0)
   6:	6255                	lui	tp,0x15
   8:	6e75                	lui	t3,0x1d
   a:	7574                	ld	a3,232(a0)
   c:	3120                	fld	fs0,96(a0)
   e:	2d30                	fld	fa2,88(a0)
  10:	3032                	fld	ft0,296(sp)
  12:	3032                	fld	ft0,296(sp)
  14:	3430                	fld	fa2,104(s0)
  16:	3131                	addiw	sp,sp,-20
  18:	302d                	0x302d
  1a:	6275                	lui	tp,0x1d
  1c:	6e75                	lui	t3,0x1d
  1e:	7574                	ld	a3,232(a0)
  20:	2931                	addiw	s2,s2,12
  22:	3120                	fld	fs0,96(a0)
  24:	2e30                	fld	fa2,88(a2)
  26:	2e30                	fld	fa2,88(a2)
  28:	2031                	0x2031
  2a:	3032                	fld	ft0,296(sp)
  2c:	3032                	fld	ft0,296(sp)
  2e:	3430                	fld	fa2,104(s0)
  30:	3131                	addiw	sp,sp,-20
  32:	2820                	fld	fs0,80(s0)
  34:	7865                	lui	a6,0xffff9
  36:	6570                	ld	a2,200(a0)
  38:	6972                	ld	s2,280(sp)
  3a:	656d                	lui	a0,0x1b
  3c:	746e                	ld	s0,248(sp)
  3e:	6c61                	lui	s8,0x18
  40:	2029                	0x2029
  42:	73616d5b          	0x73616d5b
  46:	6574                	ld	a3,200(a0)
  48:	2072                	fld	ft0,280(sp)
  4a:	6572                	ld	a0,280(sp)
  4c:	6976                	ld	s2,344(sp)
  4e:	6e6f6973          	csrrsi	s2,0x6e6,30
  52:	6220                	ld	s0,64(a2)
  54:	3862                	fld	fa6,56(sp)
  56:	63356437          	lui	s0,0x63356
  5a:	64373763          	0x64373763
  5e:	373a                	fld	fa4,424(sp)
  60:	3935                	addiw	s2,s2,-19
  62:	3136                	fld	ft2,360(sp)
  64:	63636163          	bltu	t1,s6,686 <_PROCEDURE_LINKAGE_TABLE_-0xda>
  68:	3762                	fld	fa4,56(sp)
  6a:	663a                	ld	a2,392(sp)
  6c:	3838                	fld	fa4,112(s0)
  6e:	36346333          	0x36346333
  72:	3462                	fld	fs0,56(sp)
  74:	3738                	fld	fa4,104(a4)
  76:	33366637          	lui	a2,0x33366
  7a:	66306537          	lui	a0,0x66306
  7e:	3561                	addiw	a0,a0,-8
  80:	3230                	fld	fa2,96(a2)
  82:	6235                	lui	tp,0xd
  84:	6434                	ld	a3,72(s0)
  86:	6236                	ld	tp,328(sp)
  88:	6335                	lui	t1,0xd
  8a:	3039                	0x3039
  8c:	3034                	fld	fa3,96(s0)
  8e:	6365                	lui	t1,0x19
  90:	3635                	addiw	a2,a2,-19
  92:	5d36                	lw	s10,108(sp)
	...
